Using pre-set license
Built from '2020.3/staging' branch; Version is '2020.3.11f1 (99c7afb366b3) revision 10078127'; Using compiler version '192528614'; Build Type 'Release'
OS: 'Windows 10 Home; OS build 19042.1052; Version 2009; 64bit' Language: 'zh' Physical Memory: 6213 MB
BatchMode: 1, IsHumanControllingUs: 0, StartBugReporterOnCrash: 0, Is64bit: 1, IsPro: 0

 COMMAND LINE ARGUMENTS:
C:\Program Files\Unity\Hub\Editor\2020.3.11f1\Editor\Unity.exe
-adb2
-batchMode
-noUpm
-name
AssetImportWorker0
-projectPath
C:/Users/USER/Desktop/Chromemaster/dinosaur
-logFile
Logs/AssetImportWorker0.log
-srvPort
59729
Successfully changed project path to: C:/Users/USER/Desktop/Chromemaster/dinosaur
C:/Users/USER/Desktop/Chromemaster/dinosaur
Using Asset Import Pipeline V2.
Refreshing native plugins compatible for Editor in 48.44 ms, found 3 plugins.
Preloading 0 native plugins for Editor in 0.00 ms.
Initialize engine version: 2020.3.11f1 (99c7afb366b3)
[Subsystems] Discovering subsystems at path C:/Program Files/Unity/Hub/Editor/2020.3.11f1/Editor/Data/Resources/UnitySubsystems
[Subsystems] Discovering subsystems at path C:/Users/USER/Desktop/Chromemaster/dinosaur/Assets
GfxDevice: creating device client; threaded=0
Direct3D:
    Version:  Direct3D 11.0 [level 11.1]
    Renderer: NVIDIA GeForce MX250 (ID=0x1d13)
    Vendor:   
    VRAM:     1983 MB
    Driver:   27.21.14.6230
Initialize mono
Mono path[0] = 'C:/Program Files/Unity/Hub/Editor/2020.3.11f1/Editor/Data/Managed'
Mono path[1] = 'C:/Program Files/Unity/Hub/Editor/2020.3.11f1/Editor/Data/MonoBleedingEdge/lib/mono/unityjit'
Mono config path = 'C:/Program Files/Unity/Hub/Editor/2020.3.11f1/Editor/Data/MonoBleedingEdge/etc'
Using monoOptions --debugger-agent=transport=dt_socket,embedding=1,server=y,suspend=n,address=127.0.0.1:56032
Begin MonoManager ReloadAssembly
Registering precompiled unity dll's ...
Register platform support module: C:/Program Files/Unity/Hub/Editor/2020.3.11f1/Editor/Data/PlaybackEngines/WindowsStandaloneSupport/UnityEditor.WindowsStandalone.Extensions.dll
Registered in 0.002021 seconds.
Native extension for WindowsStandalone target not found
Refreshing native plugins compatible for Editor in 39.79 ms, found 3 plugins.
Preloading 0 native plugins for Editor in 0.00 ms.
Mono: successfully reloaded assembly
- Completed reload, in  1.879 seconds
Platform modules already initialized, skipping
Registering precompiled user dll's ...
Registered in 0.004325 seconds.
Begin MonoManager ReloadAssembly
Native extension for WindowsStandalone target not found
Refreshing native plugins compatible for Editor in 42.77 ms, found 3 plugins.
Preloading 0 native plugins for Editor in 0.00 ms.
Mono: successfully reloaded assembly
- Completed reload, in  1.227 seconds
Platform modules already initialized, skipping
========================================================================
Worker process is ready to serve import requests
Launched and connected shader compiler UnityShaderCompiler.exe after 0.06 seconds
Refreshing native plugins compatible for Editor in 0.47 ms, found 3 plugins.
Preloading 0 native plugins for Editor in 0.00 ms.
Unloading 2084 Unused Serialized files (Serialized files now loaded: 0)
System memory in use before: 95.5 MB.
System memory in use after: 95.4 MB.

Unloading 33 unused Assets to reduce memory usage. Loaded Objects now: 2519.
Total: 2.321700 ms (FindLiveObjects: 0.204700 ms CreateObjectMapping: 0.066800 ms MarkObjects: 1.931100 ms  DeleteObjects: 0.118200 ms)

========================================================================
Received Import Request.
  path: Assets/scripts/scrollClouds.cs
  artifactKey: Guid(73ec689d11a6e9342a6914457a550b81) Importer(815301076,1909f56bfc062723c751e8b465ee728b)
Start importing Assets/scripts/scrollClouds.cs using Guid(73ec689d11a6e9342a6914457a550b81) Importer(815301076,1909f56bfc062723c751e8b465ee728b)  -> (artifact id: 'eb2d7043d0cb8d52a6475f0f7bf6a87f') in 0.039461 seconds
  Import took 0.043479 seconds .

========================================================================
Received Prepare
Registering precompiled user dll's ...
Registered in 0.007324 seconds.
Begin MonoManager ReloadAssembly
Native extension for WindowsStandalone target not found
Refreshing native plugins compatible for Editor in 0.47 ms, found 3 plugins.
Preloading 0 native plugins for Editor in 0.00 ms.
Mono: successfully reloaded assembly
- Completed reload, in  1.226 seconds
Platform modules already initialized, skipping
Refreshing native plugins compatible for Editor in 0.75 ms, found 3 plugins.
Preloading 0 native plugins for Editor in 0.00 ms.
Unloading 2079 Unused Serialized files (Serialized files now loaded: 0)
System memory in use before: 95.4 MB.
System memory in use after: 95.4 MB.

Unloading 21 unused Assets to reduce memory usage. Loaded Objects now: 2523.
Total: 2.694800 ms (FindLiveObjects: 0.224800 ms CreateObjectMapping: 0.074900 ms MarkObjects: 2.276300 ms  DeleteObjects: 0.117700 ms)

========================================================================
Received Prepare
Registering precompiled user dll's ...
Registered in 0.003820 seconds.
Begin MonoManager ReloadAssembly
Native extension for WindowsStandalone target not found
Refreshing native plugins compatible for Editor in 0.48 ms, found 3 plugins.
Preloading 0 native plugins for Editor in 0.00 ms.
Mono: successfully reloaded assembly
- Completed reload, in  1.405 seconds
Platform modules already initialized, skipping
Refreshing native plugins compatible for Editor in 0.52 ms, found 3 plugins.
Preloading 0 native plugins for Editor in 0.00 ms.
Unloading 2079 Unused Serialized files (Serialized files now loaded: 0)
System memory in use before: 95.5 MB.
System memory in use after: 95.5 MB.

Unloading 21 unused Assets to reduce memory usage. Loaded Objects now: 2527.
Total: 2.942600 ms (FindLiveObjects: 0.248100 ms CreateObjectMapping: 0.119000 ms MarkObjects: 2.464400 ms  DeleteObjects: 0.110000 ms)

========================================================================
Received Prepare
Registering precompiled user dll's ...
Registered in 0.007834 seconds.
Begin MonoManager ReloadAssembly
Native extension for WindowsStandalone target not found
Refreshing native plugins compatible for Editor in 0.48 ms, found 3 plugins.
Preloading 0 native plugins for Editor in 0.00 ms.
Mono: successfully reloaded assembly
- Completed reload, in  1.332 seconds
Platform modules already initialized, skipping
Refreshing native plugins compatible for Editor in 0.44 ms, found 3 plugins.
Preloading 0 native plugins for Editor in 0.00 ms.
Unloading 2079 Unused Serialized files (Serialized files now loaded: 0)
System memory in use before: 95.5 MB.
System memory in use after: 95.5 MB.

Unloading 21 unused Assets to reduce memory usage. Loaded Objects now: 2531.
Total: 4.706600 ms (FindLiveObjects: 0.354500 ms CreateObjectMapping: 0.161500 ms MarkObjects: 4.004400 ms  DeleteObjects: 0.184400 ms)

========================================================================
Received Prepare
Registering precompiled user dll's ...
Registered in 0.008725 seconds.
Begin MonoManager ReloadAssembly
Native extension for WindowsStandalone target not found
Refreshing native plugins compatible for Editor in 0.40 ms, found 3 plugins.
Preloading 0 native plugins for Editor in 0.00 ms.
Mono: successfully reloaded assembly
- Completed reload, in  1.119 seconds
Platform modules already initialized, skipping
Refreshing native plugins compatible for Editor in 0.44 ms, found 3 plugins.
Preloading 0 native plugins for Editor in 0.00 ms.
Unloading 2079 Unused Serialized files (Serialized files now loaded: 0)
System memory in use before: 95.5 MB.
System memory in use after: 95.5 MB.

Unloading 21 unused Assets to reduce memory usage. Loaded Objects now: 2535.
Total: 2.364700 ms (FindLiveObjects: 0.214400 ms CreateObjectMapping: 0.093500 ms MarkObjects: 1.954600 ms  DeleteObjects: 0.101200 ms)

========================================================================
Received Prepare
Registering precompiled user dll's ...
Registered in 0.005793 seconds.
Begin MonoManager ReloadAssembly
Native extension for WindowsStandalone target not found
Refreshing native plugins compatible for Editor in 0.42 ms, found 3 plugins.
Preloading 0 native plugins for Editor in 0.00 ms.
Mono: successfully reloaded assembly
- Completed reload, in  1.222 seconds
Platform modules already initialized, skipping
Refreshing native plugins compatible for Editor in 0.47 ms, found 3 plugins.
Preloading 0 native plugins for Editor in 0.00 ms.
Unloading 2079 Unused Serialized files (Serialized files now loaded: 0)
System memory in use before: 95.5 MB.
System memory in use after: 95.5 MB.

Unloading 21 unused Assets to reduce memory usage. Loaded Objects now: 2539.
Total: 2.283600 ms (FindLiveObjects: 0.198000 ms CreateObjectMapping: 0.063700 ms MarkObjects: 1.922600 ms  DeleteObjects: 0.098600 ms)

========================================================================
Received Import Request.
  Time since last request: 274.027609 seconds.
  path: Assets/scripts/scrollClouds.cs
  artifactKey: Guid(73ec689d11a6e9342a6914457a550b81) Importer(815301076,1909f56bfc062723c751e8b465ee728b)
Start importing Assets/scripts/scrollClouds.cs using Guid(73ec689d11a6e9342a6914457a550b81) Importer(815301076,1909f56bfc062723c751e8b465ee728b)  -> (artifact id: 'f790cbe257b64e3d6da682334101922f') in 0.005180 seconds
  Import took 0.009145 seconds .

========================================================================
Received Prepare
Registering precompiled user dll's ...
Registered in 0.005092 seconds.
Begin MonoManager ReloadAssembly
Native extension for WindowsStandalone target not found
Refreshing native plugins compatible for Editor in 0.41 ms, found 3 plugins.
Preloading 0 native plugins for Editor in 0.00 ms.
Mono: successfully reloaded assembly
- Completed reload, in  1.159 seconds
Platform modules already initialized, skipping
Refreshing native plugins compatible for Editor in 0.76 ms, found 3 plugins.
Preloading 0 native plugins for Editor in 0.00 ms.
Unloading 2078 Unused Serialized files (Serialized files now loaded: 0)
System memory in use before: 95.5 MB.
System memory in use after: 95.5 MB.

Unloading 22 unused Assets to reduce memory usage. Loaded Objects now: 2542.
Total: 4.287700 ms (FindLiveObjects: 0.752000 ms CreateObjectMapping: 0.300000 ms MarkObjects: 3.096900 ms  DeleteObjects: 0.137300 ms)

========================================================================
Received Prepare
Registering precompiled user dll's ...
Registered in 0.005468 seconds.
Begin MonoManager ReloadAssembly
Native extension for WindowsStandalone target not found
Refreshing native plugins compatible for Editor in 0.43 ms, found 3 plugins.
Preloading 0 native plugins for Editor in 0.00 ms.
Mono: successfully reloaded assembly
- Completed reload, in  1.086 seconds
Platform modules already initialized, skipping
Refreshing native plugins compatible for Editor in 0.46 ms, found 3 plugins.
Preloading 0 native plugins for Editor in 0.00 ms.
Unloading 2078 Unused Serialized files (Serialized files now loaded: 0)
System memory in use before: 95.5 MB.
System memory in use after: 95.5 MB.

Unloading 21 unused Assets to reduce memory usage. Loaded Objects now: 2546.
Total: 2.990500 ms (FindLiveObjects: 0.267900 ms CreateObjectMapping: 0.078600 ms MarkObjects: 2.542300 ms  DeleteObjects: 0.100700 ms)

========================================================================
Received Import Request.
  Time since last request: 57.790807 seconds.
  path: Assets/scripts/ScrollClouds.cs
  artifactKey: Guid(73ec689d11a6e9342a6914457a550b81) Importer(815301076,1909f56bfc062723c751e8b465ee728b)
Start importing Assets/scripts/ScrollClouds.cs using Guid(73ec689d11a6e9342a6914457a550b81) Importer(815301076,1909f56bfc062723c751e8b465ee728b)  -> (artifact id: '98b285c3205e8418b235513abdb5bddf') in 0.018791 seconds
  Import took 0.030202 seconds .

========================================================================
Received Prepare
Registering precompiled user dll's ...
Registered in 0.006071 seconds.
Begin MonoManager ReloadAssembly
Native extension for WindowsStandalone target not found
Refreshing native plugins compatible for Editor in 0.41 ms, found 3 plugins.
Preloading 0 native plugins for Editor in 0.00 ms.
Mono: successfully reloaded assembly
- Completed reload, in  1.348 seconds
Platform modules already initialized, skipping
Refreshing native plugins compatible for Editor in 0.48 ms, found 3 plugins.
Preloading 0 native plugins for Editor in 0.00 ms.
Unloading 2079 Unused Serialized files (Serialized files now loaded: 0)
System memory in use before: 95.6 MB.
System memory in use after: 95.5 MB.

Unloading 21 unused Assets to reduce memory usage. Loaded Objects now: 2551.
Total: 2.411100 ms (FindLiveObjects: 0.207200 ms CreateObjectMapping: 0.061600 ms MarkObjects: 2.043800 ms  DeleteObjects: 0.097700 ms)

========================================================================
Received Prepare
Registering precompiled user dll's ...
Registered in 0.009067 seconds.
Begin MonoManager ReloadAssembly
Native extension for WindowsStandalone target not found
Refreshing native plugins compatible for Editor in 0.42 ms, found 3 plugins.
Preloading 0 native plugins for Editor in 0.00 ms.
Mono: successfully reloaded assembly
- Completed reload, in  1.027 seconds
Platform modules already initialized, skipping
Refreshing native plugins compatible for Editor in 0.57 ms, found 3 plugins.
Preloading 0 native plugins for Editor in 0.00 ms.
Unloading 2079 Unused Serialized files (Serialized files now loaded: 0)
System memory in use before: 95.6 MB.
System memory in use after: 95.6 MB.

Unloading 21 unused Assets to reduce memory usage. Loaded Objects now: 2555.
Total: 2.335000 ms (FindLiveObjects: 0.298300 ms CreateObjectMapping: 0.087800 ms MarkObjects: 1.848200 ms  DeleteObjects: 0.099800 ms)

========================================================================
Received Import Request.
  Time since last request: 52.524113 seconds.
  path: Assets/scripts/ScrollClouds.cs
  artifactKey: Guid(73ec689d11a6e9342a6914457a550b81) Importer(815301076,1909f56bfc062723c751e8b465ee728b)
Start importing Assets/scripts/ScrollClouds.cs using Guid(73ec689d11a6e9342a6914457a550b81) Importer(815301076,1909f56bfc062723c751e8b465ee728b)  -> (artifact id: '9393337cdf9d1514d97f3d63c1ee62b5') in 0.007912 seconds
  Import took 0.011745 seconds .

========================================================================
Received Prepare
Registering precompiled user dll's ...
Registered in 0.027264 seconds.
Begin MonoManager ReloadAssembly
Native extension for WindowsStandalone target not found
Refreshing native plugins compatible for Editor in 0.41 ms, found 3 plugins.
Preloading 0 native plugins for Editor in 0.00 ms.
Mono: successfully reloaded assembly
- Completed reload, in  1.010 seconds
Platform modules already initialized, skipping
Refreshing native plugins compatible for Editor in 0.45 ms, found 3 plugins.
Preloading 0 native plugins for Editor in 0.00 ms.
Unloading 2079 Unused Serialized files (Serialized files now loaded: 0)
System memory in use before: 95.6 MB.
System memory in use after: 95.6 MB.

Unloading 21 unused Assets to reduce memory usage. Loaded Objects now: 2559.
Total: 2.480400 ms (FindLiveObjects: 0.177400 ms CreateObjectMapping: 0.072000 ms MarkObjects: 2.130800 ms  DeleteObjects: 0.099300 ms)

========================================================================
Received Prepare
Registering precompiled user dll's ...
Registered in 0.004582 seconds.
Begin MonoManager ReloadAssembly
Native extension for WindowsStandalone target not found
Refreshing native plugins compatible for Editor in 0.44 ms, found 3 plugins.
Preloading 0 native plugins for Editor in 0.00 ms.
Mono: successfully reloaded assembly
- Completed reload, in  1.037 seconds
Platform modules already initialized, skipping
Refreshing native plugins compatible for Editor in 0.45 ms, found 3 plugins.
Preloading 0 native plugins for Editor in 0.00 ms.
Unloading 2079 Unused Serialized files (Serialized files now loaded: 0)
System memory in use before: 95.6 MB.
System memory in use after: 95.6 MB.

Unloading 21 unused Assets to reduce memory usage. Loaded Objects now: 2563.
Total: 2.328700 ms (FindLiveObjects: 0.226600 ms CreateObjectMapping: 0.088500 ms MarkObjects: 1.879800 ms  DeleteObjects: 0.133000 ms)

========================================================================
Received Prepare
Registering precompiled user dll's ...
Registered in 0.004759 seconds.
Begin MonoManager ReloadAssembly
Native extension for WindowsStandalone target not found
Refreshing native plugins compatible for Editor in 0.49 ms, found 3 plugins.
Preloading 0 native plugins for Editor in 0.00 ms.
Mono: successfully reloaded assembly
- Completed reload, in  1.207 seconds
Platform modules already initialized, skipping
Refreshing native plugins compatible for Editor in 0.55 ms, found 3 plugins.
Preloading 0 native plugins for Editor in 0.00 ms.
Unloading 2079 Unused Serialized files (Serialized files now loaded: 0)
System memory in use before: 95.6 MB.
System memory in use after: 95.6 MB.

Unloading 21 unused Assets to reduce memory usage. Loaded Objects now: 2567.
Total: 2.779600 ms (FindLiveObjects: 0.231300 ms CreateObjectMapping: 0.083200 ms MarkObjects: 2.340200 ms  DeleteObjects: 0.123900 ms)

========================================================================
Received Prepare
Registering precompiled user dll's ...
Registered in 0.004493 seconds.
Begin MonoManager ReloadAssembly
Native extension for WindowsStandalone target not found
Refreshing native plugins compatible for Editor in 0.47 ms, found 3 plugins.
Preloading 0 native plugins for Editor in 0.00 ms.
Mono: successfully reloaded assembly
- Completed reload, in  1.394 seconds
Platform modules already initialized, skipping
Refreshing native plugins compatible for Editor in 0.59 ms, found 3 plugins.
Preloading 0 native plugins for Editor in 0.00 ms.
Unloading 2079 Unused Serialized files (Serialized files now loaded: 0)
System memory in use before: 95.6 MB.
System memory in use after: 95.6 MB.

Unloading 21 unused Assets to reduce memory usage. Loaded Objects now: 2571.
Total: 2.718800 ms (FindLiveObjects: 0.280200 ms CreateObjectMapping: 0.104300 ms MarkObjects: 2.219200 ms  DeleteObjects: 0.114200 ms)

========================================================================
Received Prepare
Registering precompiled user dll's ...
Registered in 0.004593 seconds.
Begin MonoManager ReloadAssembly
Native extension for WindowsStandalone target not found
Refreshing native plugins compatible for Editor in 0.51 ms, found 3 plugins.
Preloading 0 native plugins for Editor in 0.00 ms.
Mono: successfully reloaded assembly
- Completed reload, in  1.095 seconds
Platform modules already initialized, skipping
Refreshing native plugins compatible for Editor in 0.47 ms, found 3 plugins.
Preloading 0 native plugins for Editor in 0.00 ms.
Unloading 2079 Unused Serialized files (Serialized files now loaded: 0)
System memory in use before: 95.6 MB.
System memory in use after: 95.6 MB.

Unloading 21 unused Assets to reduce memory usage. Loaded Objects now: 2575.
Total: 2.858900 ms (FindLiveObjects: 0.203100 ms CreateObjectMapping: 0.069000 ms MarkObjects: 2.440200 ms  DeleteObjects: 0.145600 ms)

========================================================================
Received Import Request.
  Time since last request: 502.223134 seconds.
  path: ProjectSettings/TagManager.asset
  artifactKey: Guid(00000000000000003000000000000000) Importer(815301076,1909f56bfc062723c751e8b465ee728b)
Start importing ProjectSettings/TagManager.asset using Guid(00000000000000003000000000000000) Importer(815301076,1909f56bfc062723c751e8b465ee728b)  -> (artifact id: 'fa21e7d972d3fbd5129feba55967a0ec') in 0.041998 seconds
  Import took 0.048118 seconds .

========================================================================
Received Prepare
Registering precompiled user dll's ...
Registered in 0.003551 seconds.
Begin MonoManager ReloadAssembly
Native extension for WindowsStandalone target not found
Refreshing native plugins compatible for Editor in 0.78 ms, found 3 plugins.
Preloading 0 native plugins for Editor in 0.00 ms.
Mono: successfully reloaded assembly
- Completed reload, in  1.283 seconds
Platform modules already initialized, skipping
Refreshing native plugins compatible for Editor in 0.45 ms, found 3 plugins.
Preloading 0 native plugins for Editor in 0.00 ms.
Unloading 2079 Unused Serialized files (Serialized files now loaded: 0)
System memory in use before: 95.6 MB.
System memory in use after: 95.6 MB.

Unloading 22 unused Assets to reduce memory usage. Loaded Objects now: 2579.
Total: 2.373600 ms (FindLiveObjects: 0.200800 ms CreateObjectMapping: 0.078000 ms MarkObjects: 1.994100 ms  DeleteObjects: 0.099900 ms)

========================================================================
Received Import Request.
  Time since last request: 73.736555 seconds.
  path: Assets/prefab/Challenge1.prefab
  artifactKey: Guid(5fedb4d00a318754295de5724af695db) Importer(815301076,1909f56bfc062723c751e8b465ee728b)
Start importing Assets/prefab/Challenge1.prefab using Guid(5fedb4d00a318754295de5724af695db) Importer(815301076,1909f56bfc062723c751e8b465ee728b)  -> (artifact id: 'c14dd8d018b165c210c82971c6db9a1e') in 0.117346 seconds
  Import took 0.123564 seconds .

========================================================================
Received Import Request.
  Time since last request: 2.033839 seconds.
  path: Assets/prefab/Challenge2.prefab
  artifactKey: Guid(10660968c4dd86149a3e4a3830912b6b) Importer(815301076,1909f56bfc062723c751e8b465ee728b)
Start importing Assets/prefab/Challenge2.prefab using Guid(10660968c4dd86149a3e4a3830912b6b) Importer(815301076,1909f56bfc062723c751e8b465ee728b)  -> (artifact id: '86cbc4dfd44a2520d41f4ee61ab8ec1e') in 0.025060 seconds
  Import took 0.030116 seconds .

========================================================================
Received Import Request.
  Time since last request: 2.120552 seconds.
  path: Assets/prefab/GameChallenge111.prefab
  artifactKey: Guid(feee27a18caccb34c8f519838ae4a344) Importer(815301076,1909f56bfc062723c751e8b465ee728b)
Start importing Assets/prefab/GameChallenge111.prefab using Guid(feee27a18caccb34c8f519838ae4a344) Importer(815301076,1909f56bfc062723c751e8b465ee728b)  -> (artifact id: '7b5754fa41fae7f999849ff4a4b3e705') in 0.026209 seconds
  Import took 0.031904 seconds .

========================================================================
Received Import Request.
  Time since last request: 0.001021 seconds.
  path: Assets/prefab/GameChallenge111.prefab
  artifactKey: Guid(feee27a18caccb34c8f519838ae4a344) Importer(815301076,1909f56bfc062723c751e8b465ee728b)
Start importing Assets/prefab/GameChallenge111.prefab using Guid(feee27a18caccb34c8f519838ae4a344) Importer(815301076,1909f56bfc062723c751e8b465ee728b)  -> (artifact id: '7b5754fa41fae7f999849ff4a4b3e705') in 0.020866 seconds
  Import took 0.025852 seconds .

========================================================================
Received Prepare
Registering precompiled user dll's ...
Registered in 0.004432 seconds.
Begin MonoManager ReloadAssembly
Native extension for WindowsStandalone target not found
Refreshing native plugins compatible for Editor in 0.45 ms, found 3 plugins.
Preloading 0 native plugins for Editor in 0.00 ms.
Mono: successfully reloaded assembly
- Completed reload, in  1.408 seconds
Platform modules already initialized, skipping
Refreshing native plugins compatible for Editor in 0.51 ms, found 3 plugins.
Preloading 0 native plugins for Editor in 0.00 ms.
Unloading 2079 Unused Serialized files (Serialized files now loaded: 0)
System memory in use before: 98.6 MB.
System memory in use after: 98.6 MB.

Unloading 21 unused Assets to reduce memory usage. Loaded Objects now: 2590.
Total: 2.636500 ms (FindLiveObjects: 0.231300 ms CreateObjectMapping: 0.080900 ms MarkObjects: 2.214300 ms  DeleteObjects: 0.109100 ms)

========================================================================
Received Prepare
Registering precompiled user dll's ...
Registered in 0.004090 seconds.
Begin MonoManager ReloadAssembly
Native extension for WindowsStandalone target not found
Refreshing native plugins compatible for Editor in 0.45 ms, found 3 plugins.
Preloading 0 native plugins for Editor in 0.00 ms.
Mono: successfully reloaded assembly
- Completed reload, in  1.366 seconds
Platform modules already initialized, skipping
Refreshing native plugins compatible for Editor in 0.71 ms, found 3 plugins.
Preloading 0 native plugins for Editor in 0.00 ms.
Unloading 2079 Unused Serialized files (Serialized files now loaded: 0)
System memory in use before: 98.6 MB.
System memory in use after: 98.6 MB.

Unloading 21 unused Assets to reduce memory usage. Loaded Objects now: 2594.
Total: 2.699800 ms (FindLiveObjects: 0.221800 ms CreateObjectMapping: 0.081900 ms MarkObjects: 2.282500 ms  DeleteObjects: 0.112600 ms)

========================================================================
Received Prepare
Registering precompiled user dll's ...
Registered in 0.006701 seconds.
Begin MonoManager ReloadAssembly
Native extension for WindowsStandalone target not found
Refreshing native plugins compatible for Editor in 0.42 ms, found 3 plugins.
Preloading 0 native plugins for Editor in 0.00 ms.
Mono: successfully reloaded assembly
- Completed reload, in  1.207 seconds
Platform modules already initialized, skipping
Refreshing native plugins compatible for Editor in 0.46 ms, found 3 plugins.
Preloading 0 native plugins for Editor in 0.00 ms.
Unloading 2079 Unused Serialized files (Serialized files now loaded: 0)
System memory in use before: 98.6 MB.
System memory in use after: 98.6 MB.

Unloading 21 unused Assets to reduce memory usage. Loaded Objects now: 2598.
Total: 3.119400 ms (FindLiveObjects: 0.356000 ms CreateObjectMapping: 0.088100 ms MarkObjects: 2.547700 ms  DeleteObjects: 0.126300 ms)

========================================================================
Received Prepare
Registering precompiled user dll's ...
Registered in 0.004809 seconds.
Begin MonoManager ReloadAssembly
Native extension for WindowsStandalone target not found
Refreshing native plugins compatible for Editor in 0.48 ms, found 3 plugins.
Preloading 0 native plugins for Editor in 0.00 ms.
Mono: successfully reloaded assembly
- Completed reload, in  1.469 seconds
Platform modules already initialized, skipping
Refreshing native plugins compatible for Editor in 0.53 ms, found 3 plugins.
Preloading 0 native plugins for Editor in 0.00 ms.
Unloading 2079 Unused Serialized files (Serialized files now loaded: 0)
System memory in use before: 98.6 MB.
System memory in use after: 98.6 MB.

Unloading 21 unused Assets to reduce memory usage. Loaded Objects now: 2602.
Total: 9.685400 ms (FindLiveObjects: 0.399100 ms CreateObjectMapping: 1.255700 ms MarkObjects: 7.782500 ms  DeleteObjects: 0.245900 ms)

========================================================================
Received Prepare
Registering precompiled user dll's ...
Registered in 0.004216 seconds.
Begin MonoManager ReloadAssembly
Native extension for WindowsStandalone target not found
Refreshing native plugins compatible for Editor in 0.49 ms, found 3 plugins.
Preloading 0 native plugins for Editor in 0.00 ms.
Mono: successfully reloaded assembly
- Completed reload, in  1.420 seconds
Platform modules already initialized, skipping
Refreshing native plugins compatible for Editor in 0.62 ms, found 3 plugins.
Preloading 0 native plugins for Editor in 0.00 ms.
Unloading 2079 Unused Serialized files (Serialized files now loaded: 0)
System memory in use before: 98.6 MB.
System memory in use after: 98.6 MB.

Unloading 21 unused Assets to reduce memory usage. Loaded Objects now: 2606.
Total: 2.760300 ms (FindLiveObjects: 0.250600 ms CreateObjectMapping: 0.092100 ms MarkObjects: 2.306300 ms  DeleteObjects: 0.110200 ms)

========================================================================
Received Prepare
Registering precompiled user dll's ...
Registered in 0.004145 seconds.
Begin MonoManager ReloadAssembly
Native extension for WindowsStandalone target not found
Refreshing native plugins compatible for Editor in 0.49 ms, found 3 plugins.
Preloading 0 native plugins for Editor in 0.00 ms.
Mono: successfully reloaded assembly
- Completed reload, in  1.406 seconds
Platform modules already initialized, skipping
Refreshing native plugins compatible for Editor in 0.49 ms, found 3 plugins.
Preloading 0 native plugins for Editor in 0.00 ms.
Unloading 2079 Unused Serialized files (Serialized files now loaded: 0)
System memory in use before: 98.7 MB.
System memory in use after: 98.6 MB.

Unloading 21 unused Assets to reduce memory usage. Loaded Objects now: 2610.
Total: 2.637200 ms (FindLiveObjects: 0.218700 ms CreateObjectMapping: 0.084100 ms MarkObjects: 2.218300 ms  DeleteObjects: 0.115200 ms)

========================================================================
Received Prepare
Registering precompiled user dll's ...
Registered in 0.004042 seconds.
Begin MonoManager ReloadAssembly
Native extension for WindowsStandalone target not found
Refreshing native plugins compatible for Editor in 0.44 ms, found 3 plugins.
Preloading 0 native plugins for Editor in 0.00 ms.
Mono: successfully reloaded assembly
- Completed reload, in  1.418 seconds
Platform modules already initialized, skipping
Refreshing native plugins compatible for Editor in 0.53 ms, found 3 plugins.
Preloading 0 native plugins for Editor in 0.00 ms.
Unloading 2079 Unused Serialized files (Serialized files now loaded: 0)
System memory in use before: 98.7 MB.
System memory in use after: 98.7 MB.

Unloading 21 unused Assets to reduce memory usage. Loaded Objects now: 2614.
Total: 2.911100 ms (FindLiveObjects: 0.226500 ms CreateObjectMapping: 0.079500 ms MarkObjects: 2.494100 ms  DeleteObjects: 0.110000 ms)

========================================================================
Received Prepare
Registering precompiled user dll's ...
Registered in 0.004630 seconds.
Begin MonoManager ReloadAssembly
Native extension for WindowsStandalone target not found
Refreshing native plugins compatible for Editor in 0.47 ms, found 3 plugins.
Preloading 0 native plugins for Editor in 0.00 ms.
Mono: successfully reloaded assembly
- Completed reload, in  1.228 seconds
Platform modules already initialized, skipping
Refreshing native plugins compatible for Editor in 0.59 ms, found 3 plugins.
Preloading 0 native plugins for Editor in 0.00 ms.
Unloading 2079 Unused Serialized files (Serialized files now loaded: 0)
System memory in use before: 98.7 MB.
System memory in use after: 98.7 MB.

Unloading 21 unused Assets to reduce memory usage. Loaded Objects now: 2618.
Total: 4.150300 ms (FindLiveObjects: 0.237500 ms CreateObjectMapping: 0.082900 ms MarkObjects: 3.686400 ms  DeleteObjects: 0.142300 ms)

========================================================================
Received Prepare
Registering precompiled user dll's ...
Registered in 0.004119 seconds.
Begin MonoManager ReloadAssembly
Native extension for WindowsStandalone target not found
Refreshing native plugins compatible for Editor in 0.49 ms, found 3 plugins.
Preloading 0 native plugins for Editor in 0.00 ms.
Mono: successfully reloaded assembly
- Completed reload, in  1.418 seconds
Platform modules already initialized, skipping
Refreshing native plugins compatible for Editor in 0.55 ms, found 3 plugins.
Preloading 0 native plugins for Editor in 0.00 ms.
Unloading 2079 Unused Serialized files (Serialized files now loaded: 0)
System memory in use before: 98.7 MB.
System memory in use after: 98.7 MB.

Unloading 21 unused Assets to reduce memory usage. Loaded Objects now: 2622.
Total: 2.663900 ms (FindLiveObjects: 0.225500 ms CreateObjectMapping: 0.095900 ms MarkObjects: 2.208500 ms  DeleteObjects: 0.133000 ms)

========================================================================
Received Prepare
Registering precompiled user dll's ...
Registered in 0.005617 seconds.
Begin MonoManager ReloadAssembly
Native extension for WindowsStandalone target not found
Refreshing native plugins compatible for Editor in 0.49 ms, found 3 plugins.
Preloading 0 native plugins for Editor in 0.00 ms.
Mono: successfully reloaded assembly
- Completed reload, in  1.229 seconds
Platform modules already initialized, skipping
Refreshing native plugins compatible for Editor in 0.45 ms, found 3 plugins.
Preloading 0 native plugins for Editor in 0.00 ms.
Unloading 2079 Unused Serialized files (Serialized files now loaded: 0)
System memory in use before: 98.7 MB.
System memory in use after: 98.7 MB.

Unloading 21 unused Assets to reduce memory usage. Loaded Objects now: 2626.
Total: 2.118900 ms (FindLiveObjects: 0.207400 ms CreateObjectMapping: 0.077100 ms MarkObjects: 1.739600 ms  DeleteObjects: 0.093800 ms)

========================================================================
Received Import Request.
  Time since last request: 803.157475 seconds.
  path: Assets/resource/New Animation.anim
  artifactKey: Guid(a1d6c017afe2ba64fac59938e0394c78) Importer(815301076,1909f56bfc062723c751e8b465ee728b)
Start importing Assets/resource/New Animation.anim using Guid(a1d6c017afe2ba64fac59938e0394c78) Importer(815301076,1909f56bfc062723c751e8b465ee728b)  -> (artifact id: '284f196c4c1b04493a3f657842e0a1a7') in 0.037965 seconds
  Import took 0.042695 seconds .

========================================================================
Received Import Request.
  Time since last request: 22.353417 seconds.
  path: Assets/prefab/New Animator Controller.controller
  artifactKey: Guid(f7a26d964a8630945bd02f52ee0528db) Importer(815301076,1909f56bfc062723c751e8b465ee728b)
Start importing Assets/prefab/New Animator Controller.controller using Guid(f7a26d964a8630945bd02f52ee0528db) Importer(815301076,1909f56bfc062723c751e8b465ee728b)  -> (artifact id: 'e0364dd9793969a9d5175bc62c137cb3') in 0.014613 seconds
  Import took 0.019302 seconds .

========================================================================
Received Import Request.
  Time since last request: 43.597926 seconds.
  path: Assets/resource/ForwardMove.anim
  artifactKey: Guid(b51a3e3cd3707b64791b4f0a90421352) Importer(815301076,1909f56bfc062723c751e8b465ee728b)
Start importing Assets/resource/ForwardMove.anim using Guid(b51a3e3cd3707b64791b4f0a90421352) Importer(815301076,1909f56bfc062723c751e8b465ee728b)  -> (artifact id: '274d1e5a919d150df09dacc2271be26f') in 0.010830 seconds
  Import took 0.016027 seconds .

========================================================================
Received Import Request.
  Time since last request: 11.074271 seconds.
  path: Assets/resource/Forward.anim
  artifactKey: Guid(89eeb1d3fc2dba44183ff4c501d5f2f7) Importer(815301076,1909f56bfc062723c751e8b465ee728b)
Start importing Assets/resource/Forward.anim using Guid(89eeb1d3fc2dba44183ff4c501d5f2f7) Importer(815301076,1909f56bfc062723c751e8b465ee728b)  -> (artifact id: 'ea17f8ce28732067cc512009601e3401') in 0.013220 seconds
  Import took 0.018060 seconds .

========================================================================
Received Prepare
Registering precompiled user dll's ...
Registered in 0.004396 seconds.
Begin MonoManager ReloadAssembly
Native extension for WindowsStandalone target not found
Refreshing native plugins compatible for Editor in 0.50 ms, found 3 plugins.
Preloading 0 native plugins for Editor in 0.00 ms.
Mono: successfully reloaded assembly
- Completed reload, in  1.370 seconds
Platform modules already initialized, skipping
Refreshing native plugins compatible for Editor in 0.50 ms, found 3 plugins.
Preloading 0 native plugins for Editor in 0.00 ms.
Unloading 2079 Unused Serialized files (Serialized files now loaded: 0)
System memory in use before: 98.7 MB.
System memory in use after: 98.7 MB.

Unloading 21 unused Assets to reduce memory usage. Loaded Objects now: 2630.
Total: 2.509500 ms (FindLiveObjects: 0.215800 ms CreateObjectMapping: 0.078500 ms MarkObjects: 2.103300 ms  DeleteObjects: 0.111100 ms)

========================================================================
Received Prepare
Registering precompiled user dll's ...
Registered in 0.004182 seconds.
Begin MonoManager ReloadAssembly
Native extension for WindowsStandalone target not found
Refreshing native plugins compatible for Editor in 0.62 ms, found 3 plugins.
Preloading 0 native plugins for Editor in 0.00 ms.
Mono: successfully reloaded assembly
- Completed reload, in  1.373 seconds
Platform modules already initialized, skipping
Refreshing native plugins compatible for Editor in 0.60 ms, found 3 plugins.
Preloading 0 native plugins for Editor in 0.00 ms.
Unloading 2079 Unused Serialized files (Serialized files now loaded: 0)
System memory in use before: 98.7 MB.
System memory in use after: 98.7 MB.

Unloading 21 unused Assets to reduce memory usage. Loaded Objects now: 2634.
Total: 2.501400 ms (FindLiveObjects: 0.227700 ms CreateObjectMapping: 0.078600 ms MarkObjects: 2.085200 ms  DeleteObjects: 0.108800 ms)

========================================================================
Received Prepare
Registering precompiled user dll's ...
Registered in 0.004969 seconds.
Begin MonoManager ReloadAssembly
Native extension for WindowsStandalone target not found
Refreshing native plugins compatible for Editor in 0.43 ms, found 3 plugins.
Preloading 0 native plugins for Editor in 0.00 ms.
Mono: successfully reloaded assembly
- Completed reload, in  1.130 seconds
Platform modules already initialized, skipping
Refreshing native plugins compatible for Editor in 0.44 ms, found 3 plugins.
Preloading 0 native plugins for Editor in 0.00 ms.
Unloading 2079 Unused Serialized files (Serialized files now loaded: 0)
System memory in use before: 98.7 MB.
System memory in use after: 98.7 MB.

Unloading 21 unused Assets to reduce memory usage. Loaded Objects now: 2638.
Total: 2.454400 ms (FindLiveObjects: 0.179600 ms CreateObjectMapping: 0.067100 ms MarkObjects: 1.999600 ms  DeleteObjects: 0.207200 ms)

========================================================================
Received Prepare
Registering precompiled user dll's ...
Registered in 0.008391 seconds.
Begin MonoManager ReloadAssembly
Native extension for WindowsStandalone target not found
Refreshing native plugins compatible for Editor in 0.42 ms, found 3 plugins.
Preloading 0 native plugins for Editor in 0.00 ms.
Mono: successfully reloaded assembly
- Completed reload, in  0.989 seconds
Platform modules already initialized, skipping
Refreshing native plugins compatible for Editor in 0.42 ms, found 3 plugins.
Preloading 0 native plugins for Editor in 0.00 ms.
Unloading 2079 Unused Serialized files (Serialized files now loaded: 0)
System memory in use before: 98.8 MB.
System memory in use after: 98.7 MB.

Unloading 21 unused Assets to reduce memory usage. Loaded Objects now: 2642.
Total: 2.424400 ms (FindLiveObjects: 0.246500 ms CreateObjectMapping: 0.103700 ms MarkObjects: 1.931800 ms  DeleteObjects: 0.141700 ms)

========================================================================
Received Import Request.
  Time since last request: 602.418208 seconds.
  path: Assets/resource/jumpAnim.anim
  artifactKey: Guid(0acb170cb65bc8747b7855baa0ab886d) Importer(815301076,1909f56bfc062723c751e8b465ee728b)
Start importing Assets/resource/jumpAnim.anim using Guid(0acb170cb65bc8747b7855baa0ab886d) Importer(815301076,1909f56bfc062723c751e8b465ee728b)  -> (artifact id: '2b231a00905c5027607a1e258619252a') in 0.021280 seconds
  Import took 0.025504 seconds .

========================================================================
Received Import Request.
  Time since last request: 1.251862 seconds.
  path: Assets/resource/GameOver.anim
  artifactKey: Guid(a4c765cb699731e44a9a6ea768fa2ea8) Importer(815301076,1909f56bfc062723c751e8b465ee728b)
Start importing Assets/resource/GameOver.anim using Guid(a4c765cb699731e44a9a6ea768fa2ea8) Importer(815301076,1909f56bfc062723c751e8b465ee728b)  -> (artifact id: '6851945795a1cca23c0ff6c3ab8acc86') in 0.012025 seconds
  Import took 0.016866 seconds .

========================================================================
Received Import Request.
  Time since last request: 329.717379 seconds.
  path: Assets/resource/GameOverDino.controller
  artifactKey: Guid(7049614dc6a50584497f1c5a78575b29) Importer(815301076,1909f56bfc062723c751e8b465ee728b)
Start importing Assets/resource/GameOverDino.controller using Guid(7049614dc6a50584497f1c5a78575b29) Importer(815301076,1909f56bfc062723c751e8b465ee728b)  -> (artifact id: 'ce9abb29d8732da0732e99a9c5f100e2') in 0.014850 seconds
  Import took 0.025758 seconds .

========================================================================
Received Prepare
Registering precompiled user dll's ...
Registered in 0.004565 seconds.
Begin MonoManager ReloadAssembly
Native extension for WindowsStandalone target not found
Refreshing native plugins compatible for Editor in 0.44 ms, found 3 plugins.
Preloading 0 native plugins for Editor in 0.00 ms.
Mono: successfully reloaded assembly
- Completed reload, in  1.105 seconds
Platform modules already initialized, skipping
Refreshing native plugins compatible for Editor in 0.44 ms, found 3 plugins.
Preloading 0 native plugins for Editor in 0.00 ms.
Unloading 2079 Unused Serialized files (Serialized files now loaded: 0)
System memory in use before: 98.8 MB.
System memory in use after: 98.7 MB.

Unloading 21 unused Assets to reduce memory usage. Loaded Objects now: 2646.
Total: 2.232600 ms (FindLiveObjects: 0.189300 ms CreateObjectMapping: 0.074800 ms MarkObjects: 1.838500 ms  DeleteObjects: 0.129200 ms)

========================================================================
Received Import Request.
  Time since last request: 615.418965 seconds.
  path: Assets/resource/2_dino (1).controller
  artifactKey: Guid(f29e0b21e0615dc458e2f6f90dfac02b) Importer(815301076,1909f56bfc062723c751e8b465ee728b)
Start importing Assets/resource/2_dino (1).controller using Guid(f29e0b21e0615dc458e2f6f90dfac02b) Importer(815301076,1909f56bfc062723c751e8b465ee728b)  -> (artifact id: '2107ae39d46db5e1ddd04b04427d76fa') in 0.024636 seconds
  Import took 0.031866 seconds .

========================================================================
Received Prepare
Registering precompiled user dll's ...
Registered in 0.010139 seconds.
Begin MonoManager ReloadAssembly
Native extension for WindowsStandalone target not found
Refreshing native plugins compatible for Editor in 0.49 ms, found 3 plugins.
Preloading 0 native plugins for Editor in 0.00 ms.
Mono: successfully reloaded assembly
- Completed reload, in  1.196 seconds
Platform modules already initialized, skipping
Refreshing native plugins compatible for Editor in 0.51 ms, found 3 plugins.
Preloading 0 native plugins for Editor in 0.00 ms.
Unloading 2079 Unused Serialized files (Serialized files now loaded: 0)
System memory in use before: 98.8 MB.
System memory in use after: 98.7 MB.

Unloading 21 unused Assets to reduce memory usage. Loaded Objects now: 2650.
Total: 3.277000 ms (FindLiveObjects: 0.262100 ms CreateObjectMapping: 0.114100 ms MarkObjects: 2.777000 ms  DeleteObjects: 0.122800 ms)

========================================================================
Received Prepare
Registering precompiled user dll's ...
Registered in 0.005080 seconds.
Begin MonoManager ReloadAssembly
Native extension for WindowsStandalone target not found
Refreshing native plugins compatible for Editor in 0.54 ms, found 3 plugins.
Preloading 0 native plugins for Editor in 0.00 ms.
Mono: successfully reloaded assembly
- Completed reload, in  1.205 seconds
Platform modules already initialized, skipping
Refreshing native plugins compatible for Editor in 0.49 ms, found 3 plugins.
Preloading 0 native plugins for Editor in 0.00 ms.
Unloading 2079 Unused Serialized files (Serialized files now loaded: 0)
System memory in use before: 98.8 MB.
System memory in use after: 98.8 MB.

Unloading 21 unused Assets to reduce memory usage. Loaded Objects now: 2654.
Total: 2.284300 ms (FindLiveObjects: 0.208200 ms CreateObjectMapping: 0.061200 ms MarkObjects: 1.917800 ms  DeleteObjects: 0.096300 ms)

========================================================================
Received Prepare
Registering precompiled user dll's ...
Registered in 0.008799 seconds.
Begin MonoManager ReloadAssembly
Native extension for WindowsStandalone target not found
Refreshing native plugins compatible for Editor in 0.46 ms, found 3 plugins.
Preloading 0 native plugins for Editor in 0.00 ms.
Mono: successfully reloaded assembly
- Completed reload, in  1.056 seconds
Platform modules already initialized, skipping
Refreshing native plugins compatible for Editor in 0.43 ms, found 3 plugins.
Preloading 0 native plugins for Editor in 0.00 ms.
Unloading 2079 Unused Serialized files (Serialized files now loaded: 0)
System memory in use before: 98.8 MB.
System memory in use after: 98.8 MB.

Unloading 21 unused Assets to reduce memory usage. Loaded Objects now: 2658.
Total: 2.329600 ms (FindLiveObjects: 0.205000 ms CreateObjectMapping: 0.067700 ms MarkObjects: 1.926200 ms  DeleteObjects: 0.129900 ms)

========================================================================
Received Prepare
Registering precompiled user dll's ...
Registered in 0.009746 seconds.
Begin MonoManager ReloadAssembly
Native extension for WindowsStandalone target not found
Refreshing native plugins compatible for Editor in 0.43 ms, found 3 plugins.
Preloading 0 native plugins for Editor in 0.00 ms.
Mono: successfully reloaded assembly
- Completed reload, in  1.082 seconds
Platform modules already initialized, skipping
Refreshing native plugins compatible for Editor in 0.48 ms, found 3 plugins.
Preloading 0 native plugins for Editor in 0.00 ms.
Unloading 2079 Unused Serialized files (Serialized files now loaded: 0)
System memory in use before: 98.8 MB.
System memory in use after: 98.8 MB.

Unloading 21 unused Assets to reduce memory usage. Loaded Objects now: 2662.
Total: 2.435400 ms (FindLiveObjects: 0.200500 ms CreateObjectMapping: 0.062700 ms MarkObjects: 2.074000 ms  DeleteObjects: 0.097300 ms)

========================================================================
Received Prepare
Registering precompiled user dll's ...
Registered in 0.010731 seconds.
Begin MonoManager ReloadAssembly
Native extension for WindowsStandalone target not found
Refreshing native plugins compatible for Editor in 0.46 ms, found 3 plugins.
Preloading 0 native plugins for Editor in 0.00 ms.
Mono: successfully reloaded assembly
- Completed reload, in  1.088 seconds
Platform modules already initialized, skipping
Refreshing native plugins compatible for Editor in 0.56 ms, found 3 plugins.
Preloading 0 native plugins for Editor in 0.00 ms.
Unloading 2079 Unused Serialized files (Serialized files now loaded: 0)
System memory in use before: 98.8 MB.
System memory in use after: 98.8 MB.

Unloading 21 unused Assets to reduce memory usage. Loaded Objects now: 2666.
Total: 3.397900 ms (FindLiveObjects: 0.286700 ms CreateObjectMapping: 0.068100 ms MarkObjects: 2.334600 ms  DeleteObjects: 0.704800 ms)

========================================================================
Received Prepare
Registering precompiled user dll's ...
Registered in 0.003993 seconds.
Begin MonoManager ReloadAssembly
Native extension for WindowsStandalone target not found
Refreshing native plugins compatible for Editor in 0.44 ms, found 3 plugins.
Preloading 0 native plugins for Editor in 0.00 ms.
Mono: successfully reloaded assembly
- Completed reload, in  1.252 seconds
Platform modules already initialized, skipping
Refreshing native plugins compatible for Editor in 0.45 ms, found 3 plugins.
Preloading 0 native plugins for Editor in 0.00 ms.
Unloading 2079 Unused Serialized files (Serialized files now loaded: 0)
System memory in use before: 98.8 MB.
System memory in use after: 98.8 MB.

Unloading 21 unused Assets to reduce memory usage. Loaded Objects now: 2670.
Total: 2.732900 ms (FindLiveObjects: 0.222900 ms CreateObjectMapping: 0.066000 ms MarkObjects: 2.343500 ms  DeleteObjects: 0.099500 ms)

========================================================================
Received Prepare
Registering precompiled user dll's ...
Registered in 0.004395 seconds.
Begin MonoManager ReloadAssembly
Native extension for WindowsStandalone target not found
Refreshing native plugins compatible for Editor in 0.41 ms, found 3 plugins.
Preloading 0 native plugins for Editor in 0.00 ms.
Mono: successfully reloaded assembly
- Completed reload, in  1.118 seconds
Platform modules already initialized, skipping
Refreshing native plugins compatible for Editor in 0.44 ms, found 3 plugins.
Preloading 0 native plugins for Editor in 0.00 ms.
Unloading 2079 Unused Serialized files (Serialized files now loaded: 0)
System memory in use before: 98.8 MB.
System memory in use after: 98.8 MB.

Unloading 21 unused Assets to reduce memory usage. Loaded Objects now: 2674.
Total: 2.397400 ms (FindLiveObjects: 0.214600 ms CreateObjectMapping: 0.069800 ms MarkObjects: 1.984700 ms  DeleteObjects: 0.127500 ms)

========================================================================
Received Prepare
Registering precompiled user dll's ...
Registered in 0.005002 seconds.
Begin MonoManager ReloadAssembly
Native extension for WindowsStandalone target not found
Refreshing native plugins compatible for Editor in 0.45 ms, found 3 plugins.
Preloading 0 native plugins for Editor in 0.00 ms.
Mono: successfully reloaded assembly
- Completed reload, in  1.117 seconds
Platform modules already initialized, skipping
Refreshing native plugins compatible for Editor in 0.43 ms, found 3 plugins.
Preloading 0 native plugins for Editor in 0.00 ms.
Unloading 2079 Unused Serialized files (Serialized files now loaded: 0)
System memory in use before: 98.8 MB.
System memory in use after: 98.8 MB.

Unloading 21 unused Assets to reduce memory usage. Loaded Objects now: 2678.
Total: 2.491000 ms (FindLiveObjects: 0.216800 ms CreateObjectMapping: 0.062800 ms MarkObjects: 2.088900 ms  DeleteObjects: 0.121700 ms)

========================================================================
Received Prepare
Registering precompiled user dll's ...
Registered in 0.005704 seconds.
Begin MonoManager ReloadAssembly
Native extension for WindowsStandalone target not found
Refreshing native plugins compatible for Editor in 0.69 ms, found 3 plugins.
Preloading 0 native plugins for Editor in 0.00 ms.
Mono: successfully reloaded assembly
- Completed reload, in  1.416 seconds
Platform modules already initialized, skipping
Refreshing native plugins compatible for Editor in 0.52 ms, found 3 plugins.
Preloading 0 native plugins for Editor in 0.00 ms.
Unloading 2079 Unused Serialized files (Serialized files now loaded: 0)
System memory in use before: 98.8 MB.
System memory in use after: 98.8 MB.

Unloading 21 unused Assets to reduce memory usage. Loaded Objects now: 2682.
Total: 2.688000 ms (FindLiveObjects: 0.251300 ms CreateObjectMapping: 0.095700 ms MarkObjects: 2.227800 ms  DeleteObjects: 0.112100 ms)

========================================================================
Received Prepare
Registering precompiled user dll's ...
Registered in 0.005067 seconds.
Begin MonoManager ReloadAssembly
Native extension for WindowsStandalone target not found
Refreshing native plugins compatible for Editor in 0.54 ms, found 3 plugins.
Preloading 0 native plugins for Editor in 0.00 ms.
Mono: successfully reloaded assembly
- Completed reload, in  1.217 seconds
Platform modules already initialized, skipping
Refreshing native plugins compatible for Editor in 0.46 ms, found 3 plugins.
Preloading 0 native plugins for Editor in 0.00 ms.
Unloading 2079 Unused Serialized files (Serialized files now loaded: 0)
System memory in use before: 98.8 MB.
System memory in use after: 98.8 MB.

Unloading 21 unused Assets to reduce memory usage. Loaded Objects now: 2686.
Total: 2.534000 ms (FindLiveObjects: 0.226200 ms CreateObjectMapping: 0.062800 ms MarkObjects: 2.127900 ms  DeleteObjects: 0.116300 ms)

========================================================================
Received Prepare
Registering precompiled user dll's ...
Registered in 0.004217 seconds.
Begin MonoManager ReloadAssembly
Native extension for WindowsStandalone target not found
Refreshing native plugins compatible for Editor in 0.44 ms, found 3 plugins.
Preloading 0 native plugins for Editor in 0.00 ms.
Mono: successfully reloaded assembly
- Completed reload, in  1.190 seconds
Platform modules already initialized, skipping
Refreshing native plugins compatible for Editor in 0.44 ms, found 3 plugins.
Preloading 0 native plugins for Editor in 0.00 ms.
Unloading 2079 Unused Serialized files (Serialized files now loaded: 0)
System memory in use before: 98.9 MB.
System memory in use after: 98.8 MB.

Unloading 21 unused Assets to reduce memory usage. Loaded Objects now: 2690.
Total: 2.280600 ms (FindLiveObjects: 0.206600 ms CreateObjectMapping: 0.065900 ms MarkObjects: 1.870800 ms  DeleteObjects: 0.136700 ms)

AssetImportWorkerClient::OnTransportError - code=2 error=End of file
